INFO 2022-07-14 00:04:43,181 root This is a class called ineuron
INFO 2022-07-14 00:04:43,182 root Creating a constructor for the ineuron class
INFO 2022-07-14 00:04:43,182 root Creating the variables inside the constructor for ineuron class
INFO 2022-07-14 00:04:43,182 root Yasha Das
INFO 2022-07-14 00:04:43,182 root 3
INFO 2022-07-14 00:04:43,182 root This is a class called student
INFO 2022-07-14 00:04:43,182 root Creating a constructor for the student class
INFO 2022-07-14 00:04:43,182 root Creating the variables inside the constructor for student class
INFO 2022-07-14 00:04:43,182 root XYZABC
INFO 2022-07-14 00:04:43,182 root 1122334455
INFO 2022-07-14 00:04:43,182 root 1035
INFO 2022-07-14 00:04:43,182 root This is a class called courses
INFO 2022-07-14 00:04:43,182 root Creating a constructor for the courses class
INFO 2022-07-14 00:04:43,182 root Creating the variables inside the constructor for courses class
INFO 2022-07-14 00:04:43,182 root Full Stack Data Science
INFO 2022-07-14 00:04:43,182 root 3
INFO 2022-07-14 00:04:43,182 root This is a class called blogs
INFO 2022-07-14 00:04:43,182 root Creating a constructor for the blogs class
INFO 2022-07-14 00:04:43,182 root Creating the variables inside the constructor for blogs class
INFO 2022-07-14 00:04:43,182 root Introduction to Basic Python
INFO 2022-07-14 00:04:43,182 root 1
INFO 2022-07-14 00:04:43,182 root This is a class called internship
INFO 2022-07-14 00:04:43,182 root Creating a constructor for the internship class
INFO 2022-07-14 00:04:43,182 root Creating the variables inside the constructor for internship class
INFO 2022-07-14 00:04:43,182 root XYZABC
INFO 2022-07-14 00:04:43,182 root 1053
INFO 2022-07-14 00:04:43,182 root Full Stack Data Science
INFO 2022-07-14 00:04:43,182 root 6 months
INFO 2022-07-14 00:04:43,182 root This is a class called jobs
INFO 2022-07-14 00:04:43,182 root Creating a constructor for the jobs class
INFO 2022-07-14 00:04:43,182 root Creating the variables inside the constructor for jobs class
INFO 2022-07-14 00:04:43,182 root QWERTY
INFO 2022-07-14 00:04:43,182 root 2201
INFO 2022-07-14 00:04:43,182 root 45000
INFO 2022-07-14 00:04:43,182 root This is a class called affilates
INFO 2022-07-14 00:04:43,182 root Creating a constructor for the affilates class
INFO 2022-07-14 00:04:43,182 root Creating the variables inside the constructor for affilates class
INFO 2022-07-14 00:04:43,182 root ADBC
INFO 2022-07-14 00:04:43,182 root 1
INFO 2022-07-14 00:04:43,182 root This is a class called class_type
INFO 2022-07-14 00:04:43,182 root Creating a constructor for the class_type class
INFO 2022-07-14 00:04:43,182 root Creating the variables inside the constructor for class_type class
INFO 2022-07-14 00:04:43,182 root Qwerty poiuy
INFO 2022-07-14 00:04:43,182 root FSDS
INFO 2022-07-14 00:04:43,182 root This is a class called student_portal
INFO 2022-07-14 00:04:43,182 root Creating a constructor for the student_portal class
INFO 2022-07-14 00:04:43,182 root Creating the variables inside the constructor for student_portal class
INFO 2022-07-14 00:04:43,182 root 1001
INFO 2022-07-14 00:04:43,182 root timeline@123
INFO 2022-07-14 00:04:43,182 root This is a class called hackathon
INFO 2022-07-14 00:04:43,182 root Creating a constructor for the hackathon class
INFO 2022-07-14 00:04:43,182 root Creating the variables inside the constructor for hackathon class
INFO 2022-07-14 00:04:43,182 root Error_Free
INFO 2022-07-14 00:04:43,182 root 5
INFO 2022-07-14 00:04:43,182 root Virtual Health Assistant
