INFO 2022-07-14 00:07:02,262 root This is a class called ineuron8
INFO 2022-07-14 00:07:02,263 root Full Stack Data Science
INFO 2022-07-14 00:07:02,263 root Full Stack Data Analyst
INFO 2022-07-14 00:07:02,263 root None
INFO 2022-07-14 00:07:02,263 root None
INFO 2022-07-14 00:07:02,263 root This is a class called student8
INFO 2022-07-14 00:07:02,263 root 1005
INFO 2022-07-14 00:07:02,263 root 1009
INFO 2022-07-14 00:07:02,263 root None
INFO 2022-07-14 00:07:02,263 root None
INFO 2022-07-14 00:07:02,263 root This is a class called courses8
INFO 2022-07-14 00:07:02,263 root Big Data
INFO 2022-07-14 00:07:02,263 root IoT
INFO 2022-07-14 00:07:02,263 root None
INFO 2022-07-14 00:07:02,263 root None
INFO 2022-07-14 00:07:02,263 root This is a class called blogs8
INFO 2022-07-14 00:07:02,263 root The title of the blog needs to be changed
INFO 2022-07-14 00:07:02,263 root The title of the blog is now changed
INFO 2022-07-14 00:07:02,263 root None
INFO 2022-07-14 00:07:02,263 root None
INFO 2022-07-14 00:07:02,263 root This is a class called internship8
INFO 2022-07-14 00:07:02,263 root Harry
INFO 2022-07-14 00:07:02,263 root Hari
INFO 2022-07-14 00:07:02,263 root None
INFO 2022-07-14 00:07:02,263 root None
INFO 2022-07-14 00:07:02,263 root This is a class called jobs8
INFO 2022-07-14 00:07:02,263 root 7600
INFO 2022-07-14 00:07:02,263 root 76000
INFO 2022-07-14 00:07:02,263 root None
INFO 2022-07-14 00:07:02,263 root None
INFO 2022-07-14 00:07:02,263 root This is a class called affilates8
INFO 2022-07-14 00:07:02,263 root Green Valley Limited
INFO 2022-07-14 00:07:02,263 root Green World Limited
INFO 2022-07-14 00:07:02,263 root None
INFO 2022-07-14 00:07:02,263 root None
INFO 2022-07-14 00:07:02,263 root This is a class called class_type8
INFO 2022-07-14 00:07:02,263 root Data Structures
INFO 2022-07-14 00:07:02,263 root OOPs Concept
INFO 2022-07-14 00:07:02,263 root None
INFO 2022-07-14 00:07:02,263 root None
INFO 2022-07-14 00:07:02,263 root This is a class called student_portal8
INFO 2022-07-14 00:07:02,263 root 12345
INFO 2022-07-14 00:07:02,263 root 90876
INFO 2022-07-14 00:07:02,263 root None
INFO 2022-07-14 00:07:02,263 root None
INFO 2022-07-14 00:07:02,263 root This is a class called hackathon8
INFO 2022-07-14 00:07:02,263 root 5
INFO 2022-07-14 00:07:02,263 root 7
INFO 2022-07-14 00:07:02,263 root None
INFO 2022-07-14 00:07:02,263 root None
