INFO 2022-07-14 00:08:56,192 root This is a class called ineuron4
INFO 2022-07-14 00:08:56,192 root Creating a method inside the ineuron4 class called student_1
INFO 2022-07-14 00:08:56,192 root This is another class called ineuron_4
INFO 2022-07-14 00:08:56,192 root Creating a method inside the ineuron_4 class called student_1
INFO 2022-07-14 00:08:56,192 root This an external method called ineuron_external
INFO 2022-07-14 00:08:56,192 root List out the details of all the students
INFO 2022-07-14 00:08:56,192 root This an external method called ineuron_external
INFO 2022-07-14 00:08:56,192 root List the details of only those students that are enrolled in the FSDS class
INFO 2022-07-14 00:08:56,192 root This an external method called ineuron_external
INFO 2022-07-14 00:08:56,192 root List out the details of all the students
INFO 2022-07-14 00:08:56,192 root None
INFO 2022-07-14 00:08:56,192 root This an external method called ineuron_external
INFO 2022-07-14 00:08:56,192 root List the details of only those students that are enrolled in the FSDS class
INFO 2022-07-14 00:08:56,192 root None
INFO 2022-07-14 00:08:56,192 root This is a class called student4
INFO 2022-07-14 00:08:56,192 root Creating a method inside the student4 class called idno_4
INFO 2022-07-14 00:08:56,192 root This is another class called student_4
INFO 2022-07-14 00:08:56,192 root Creating a method inside the student_4 class called id_no4
INFO 2022-07-14 00:08:56,192 root This an external method called student_external
INFO 2022-07-14 00:08:56,192 root List out the id number of all the students
INFO 2022-07-14 00:08:56,192 root This an external method called student_external
INFO 2022-07-14 00:08:56,192 root List out the id number of only those students whose id number ends with 3
INFO 2022-07-14 00:08:56,192 root This an external method called student_external
INFO 2022-07-14 00:08:56,192 root List out the id number of all the students
INFO 2022-07-14 00:08:56,192 root None
INFO 2022-07-14 00:08:56,192 root This an external method called student_external
INFO 2022-07-14 00:08:56,192 root List out the id number of only those students whose id number ends with 3
INFO 2022-07-14 00:08:56,192 root None
INFO 2022-07-14 00:08:56,192 root This is a class called courses4
INFO 2022-07-14 00:08:56,192 root Creating a method inside the courses4 class called course_name4
INFO 2022-07-14 00:08:56,192 root This is another class called courses_4
INFO 2022-07-14 00:08:56,192 root Creating a method inside the courses_4 class called course_name4
INFO 2022-07-14 00:08:56,192 root This an external method called courses_external
INFO 2022-07-14 00:08:56,192 root List out all the names of the courses offered
INFO 2022-07-14 00:08:56,192 root This an external method called courses_external
INFO 2022-07-14 00:08:56,192 root List the names that are being offered in this semester only
INFO 2022-07-14 00:08:56,192 root This an external method called courses_external
INFO 2022-07-14 00:08:56,192 root List out all the names of the courses offered
INFO 2022-07-14 00:08:56,192 root None
INFO 2022-07-14 00:08:56,192 root This an external method called courses_external
INFO 2022-07-14 00:08:56,192 root List the names that are being offered in this semester only
INFO 2022-07-14 00:08:56,192 root None
INFO 2022-07-14 00:08:56,192 root This is a class called blogs4
INFO 2022-07-14 00:08:56,192 root Creating a method inside the blogs4 class called blog_title4
INFO 2022-07-14 00:08:56,192 root This is another class called blogs_4
INFO 2022-07-14 00:08:56,192 root Creating a method inside the blogs_4 class called blog_title4
INFO 2022-07-14 00:08:56,192 root This an external method called blogs_external
INFO 2022-07-14 00:08:56,192 root List out all the blogs available on the website
INFO 2022-07-14 00:08:56,192 root This an external method called blogs_external
INFO 2022-07-14 00:08:56,192 root List out only the blogs related to Data Science
INFO 2022-07-14 00:08:56,192 root This an external method called blogs_external
INFO 2022-07-14 00:08:56,192 root List out all the blogs available on the website
INFO 2022-07-14 00:08:56,192 root None
INFO 2022-07-14 00:08:56,192 root This an external method called blogs_external
INFO 2022-07-14 00:08:56,192 root List out only the blogs related to Data Science
INFO 2022-07-14 00:08:56,192 root None
INFO 2022-07-14 00:08:56,192 root This is a class called internship4
INFO 2022-07-14 00:08:56,192 root Creating a method inside the internship4 class called student_name4
INFO 2022-07-14 00:08:56,192 root This is another class called internship_4
INFO 2022-07-14 00:08:56,192 root Creating a method inside the internship_4 class called student_name4
INFO 2022-07-14 00:08:56,192 root This an external method called internship_external
INFO 2022-07-14 00:08:56,192 root List out the name of all the students
INFO 2022-07-14 00:08:56,192 root This an external method called internship_external
INFO 2022-07-14 00:08:56,192 root List out only the name of students that are eligible for internship
INFO 2022-07-14 00:08:56,192 root This an external method called internship_external
INFO 2022-07-14 00:08:56,192 root List out the name of all the students
INFO 2022-07-14 00:08:56,192 root None
INFO 2022-07-14 00:08:56,192 root This an external method called internship_external
INFO 2022-07-14 00:08:56,192 root List out only the name of students that are eligible for internship
INFO 2022-07-14 00:08:56,192 root None
INFO 2022-07-14 00:08:56,192 root This is class called jobs4
INFO 2022-07-14 00:08:56,192 root Creating a method inside the jobs4 class called emp_salary4
INFO 2022-07-14 00:08:56,192 root This is another class called jobs_4
INFO 2022-07-14 00:08:56,192 root Creating a method inside the jobs_4 class called emp_salary4
INFO 2022-07-14 00:08:56,192 root This an external method called jobs_external
INFO 2022-07-14 00:08:56,192 root List out the salary of all the employees
INFO 2022-07-14 00:08:56,192 root This an external method called jobs_external
INFO 2022-07-14 00:08:56,192 root List out the salaries of only the employees working in the data department
INFO 2022-07-14 00:08:56,192 root This an external method called jobs_external
INFO 2022-07-14 00:08:56,192 root List out the salary of all the employees
INFO 2022-07-14 00:08:56,192 root None
INFO 2022-07-14 00:08:56,192 root This an external method called jobs_external
INFO 2022-07-14 00:08:56,192 root List out the salaries of only the employees working in the data department
INFO 2022-07-14 00:08:56,192 root None
INFO 2022-07-14 00:08:56,192 root This is a class called affilates4
INFO 2022-07-14 00:08:56,192 root Creating a method inside the affilates4 class called affilates_name4
INFO 2022-07-14 00:08:56,192 root This is another class called affilates_4
INFO 2022-07-14 00:08:56,192 root Creating a method inside the affilates_4 class called affilates_name4
INFO 2022-07-14 00:08:56,192 root This an external method called affilates_external
INFO 2022-07-14 00:08:56,192 root List out the name of all the affilates
INFO 2022-07-14 00:08:56,192 root This an external method called affilates_external
INFO 2022-07-14 00:08:56,192 root List out the name of affilates that are related to finance sector
INFO 2022-07-14 00:08:56,192 root This an external method called affilates_external
INFO 2022-07-14 00:08:56,192 root List out the name of all the affilates
INFO 2022-07-14 00:08:56,192 root None
INFO 2022-07-14 00:08:56,192 root This an external method called affilates_external
INFO 2022-07-14 00:08:56,192 root List out the name of affilates that are related to finance sector
INFO 2022-07-14 00:08:56,192 root None
INFO 2022-07-14 00:08:56,192 root This is a class called class_type4
INFO 2022-07-14 00:08:56,192 root Creating a method inside the class_type4 class called course_name4
INFO 2022-07-14 00:08:56,192 root This is another class called class_type_4
INFO 2022-07-14 00:08:56,192 root Creating a method inside the class_type_4 called course_name4
INFO 2022-07-14 00:08:56,192 root This an external method called affilates_external
INFO 2022-07-14 00:08:56,192 root List out the names of all the courses offered
INFO 2022-07-14 00:08:56,192 root This an external method called affilates_external
INFO 2022-07-14 00:08:56,192 root List out only the name of courses that are being offered this semester
INFO 2022-07-14 00:08:56,192 root This an external method called affilates_external
INFO 2022-07-14 00:08:56,192 root List out the names of all the courses offered
INFO 2022-07-14 00:08:56,192 root None
INFO 2022-07-14 00:08:56,192 root This an external method called affilates_external
INFO 2022-07-14 00:08:56,192 root List out only the name of courses that are being offered this semester
INFO 2022-07-14 00:08:56,192 root None
INFO 2022-07-14 00:08:56,192 root This is a class called student_portal4
INFO 2022-07-14 00:08:56,192 root Creating a method inside the student_portal4 class called student_id4
INFO 2022-07-14 00:08:56,192 root This is another class called student_portal_4
INFO 2022-07-14 00:08:56,192 root Creating a method inside the student_portal_4 class called student_id4
INFO 2022-07-14 00:08:56,192 root This an external method called affilates_external
INFO 2022-07-14 00:08:56,192 root List out the id number of all the students
INFO 2022-07-14 00:08:56,192 root This an external method called affilates_external
INFO 2022-07-14 00:08:56,192 root List out the id number of only those students that have registered for this session
INFO 2022-07-14 00:08:56,192 root This an external method called affilates_external
INFO 2022-07-14 00:08:56,192 root List out the id number of all the students
INFO 2022-07-14 00:08:56,192 root None
INFO 2022-07-14 00:08:56,192 root This an external method called affilates_external
INFO 2022-07-14 00:08:56,192 root List out the id number of only those students that have registered for this session
INFO 2022-07-14 00:08:56,192 root None
INFO 2022-07-14 00:08:56,192 root This is a class called hackathon4
INFO 2022-07-14 00:08:56,192 root Creating a method inside the hackathon4 class called no_of_team_members4
INFO 2022-07-14 00:08:56,192 root This is another class called hackathon_4
INFO 2022-07-14 00:08:56,192 root Creating a method inside the hackathon_4 class called no_of_team_members4
INFO 2022-07-14 00:08:56,192 root This is an external method called hackathon_external
INFO 2022-07-14 00:08:56,192 root List out the total number of team members
INFO 2022-07-14 00:08:56,192 root This is an external method called hackathon_external
INFO 2022-07-14 00:08:56,192 root List out the number of team memebers in each team
INFO 2022-07-14 00:08:56,192 root This is an external method called hackathon_external
INFO 2022-07-14 00:08:56,192 root List out the total number of team members
INFO 2022-07-14 00:08:56,192 root None
INFO 2022-07-14 00:08:56,192 root This is an external method called hackathon_external
INFO 2022-07-14 00:08:56,192 root List out the number of team memebers in each team
INFO 2022-07-14 00:08:56,192 root None
