INFO 2022-07-14 00:10:11,093 root This is a class called ineuron2
INFO 2022-07-14 00:10:11,093 root Creating protected variables inside the constructor for ineuron2 class
INFO 2022-07-14 00:10:11,093 root John Waters
INFO 2022-07-14 00:10:11,093 root 2
INFO 2022-07-14 00:10:11,093 root This is a class called student2
INFO 2022-07-14 00:10:11,093 root Creating protected variables inside the constructor for student2 class
INFO 2022-07-14 00:10:11,093 root Zoey
INFO 2022-07-14 00:10:11,093 root 109876
INFO 2022-07-14 00:10:11,093 root 204
INFO 2022-07-14 00:10:11,093 root This is a class called courses2
INFO 2022-07-14 00:10:11,093 root Creating protected variables inside the constructor for courses2 class
INFO 2022-07-14 00:10:11,093 root Big Data
INFO 2022-07-14 00:10:11,093 root 4
INFO 2022-07-14 00:10:11,093 root This is a class called blogs2
INFO 2022-07-14 00:10:11,093 root Creating protected variables inside the constructor for blogs2 class
INFO 2022-07-14 00:10:11,093 root Blog title 2
INFO 2022-07-14 00:10:11,093 root 7
INFO 2022-07-14 00:10:11,093 root This is a class called internship2
INFO 2022-07-14 00:10:11,093 root Creating protected variables inside the constructor for internship2 class
INFO 2022-07-14 00:10:11,093 root Violet
INFO 2022-07-14 00:10:11,093 root 409
INFO 2022-07-14 00:10:11,093 root Physics
INFO 2022-07-14 00:10:11,093 root 4 months
INFO 2022-07-14 00:10:11,093 root This is a class called jobs2
INFO 2022-07-14 00:10:11,093 root Creating protected variables inside the constructor for jobs2 class
INFO 2022-07-14 00:10:11,093 root Erica
INFO 2022-07-14 00:10:11,093 root 509
INFO 2022-07-14 00:10:11,093 root 45000
INFO 2022-07-14 00:10:11,093 root This is a class called affilates2
INFO 2022-07-14 00:10:11,093 root Creating protected variables inside the constructor for affilates2 class
INFO 2022-07-14 00:10:11,093 root XYZ Digitals
INFO 2022-07-14 00:10:11,093 root 6
INFO 2022-07-14 00:10:11,093 root This is a class called class_type2
INFO 2022-07-14 00:10:11,093 root Creating protected variables inside the constructor for class_type2 class
INFO 2022-07-14 00:10:11,093 root Hari
INFO 2022-07-14 00:10:11,093 root Science
INFO 2022-07-14 00:10:11,093 root This is a class called student_portal2
INFO 2022-07-14 00:10:11,093 root Creating protected variables inside the constructor for student_portal1 class
INFO 2022-07-14 00:10:11,093 root 2067
INFO 2022-07-14 00:10:11,093 root xyz@123
INFO 2022-07-14 00:10:11,093 root This is a class called hackathon2
INFO 2022-07-14 00:10:11,093 root Creating protected variables inside the constructor for hackathon2 class
INFO 2022-07-14 00:10:11,093 root Coders
INFO 2022-07-14 00:10:11,093 root 7
INFO 2022-07-14 00:10:11,093 root This is a project title 2
